c:\users\quinn\onedrive\documents\github\cs3060project\cs3060project\x64\debug\vc143.pdb
c:\users\quinn\onedrive\documents\github\cs3060project\cs3060project\x64\debug\vc143.idb
c:\users\quinn\onedrive\documents\github\cs3060project\cs3060project\x64\debug\hw1 9.8.obj
c:\users\quinn\onedrive\documents\github\cs3060project\cs3060project\x64\debug\hw1 9.9.obj
c:\users\quinn\onedrive\documents\github\cs3060project\cs3060project\x64\debug\cs3060project.ilk
c:\users\quinn\onedrive\documents\github\cs3060project\cs3060project\x64\debug\cs3060project.exe
c:\users\quinn\onedrive\documents\github\cs3060project\cs3060project\x64\debug\cs3060project.pdb
c:\users\quinn\onedrive\documents\github\cs3060\cs3060project\x64\debug\hw1 9.8.obj
c:\users\quinn\onedrive\documents\github\cs3060\cs3060project\x64\debug\hw1 9.9.obj
c:\users\quinn\onedrive\documents\github\cs3060\cs3060project\x64\debug\cs3060project.ilk
c:\users\quinn\onedrive\documents\github\cs3060\cs3060project\x64\debug\vc143.idb
c:\users\quinn\onedrive\documents\github\cs3060\cs3060project\x64\debug\cs3060project.pdb
c:\users\quinn\onedrive\documents\github\cs3060\cs3060project\x64\debug\vc143.pdb
c:\users\quinn\onedrive\documents\github\cs3060\cs3060project\x64\debug\cs3060project.tlog\cl.command.1.tlog
c:\users\quinn\onedrive\documents\github\cs3060\cs3060project\x64\debug\cs3060project.tlog\cl.items.tlog
c:\users\quinn\onedrive\documents\github\cs3060\cs3060project\x64\debug\cs3060project.tlog\cl.read.1.tlog
c:\users\quinn\onedrive\documents\github\cs3060\cs3060project\x64\debug\cs3060project.tlog\cl.write.1.tlog
c:\users\quinn\onedrive\documents\github\cs3060\cs3060project\x64\debug\cs3060project.tlog\link.command.1.tlog
c:\users\quinn\onedrive\documents\github\cs3060\cs3060project\x64\debug\cs3060project.tlog\link.read.1.tlog
c:\users\quinn\onedrive\documents\github\cs3060\cs3060project\x64\debug\cs3060project.tlog\link.write.1.tlog
